[2018-05-09T20:34:52.931] [INFO] response - 
*************** response log start ***************
request method: GET
request originalUrl:  /
request client ip:  ::ffff:127.0.0.1
request query:  {}
response time: 14
response status: 200
response body: 
"<!DOCTYPE html>\n<html>\n  <head>\n    <title>PolyHome Of KOA2</title>\n    <link rel='stylesheet' href='/stylesheets/style.css' />\n  </head>\n  <body>\n    <h1>PolyHome Of KOA2</h1>\n    <p>EJS Welcome to PolyHome Of KOA2</p>\n  </body>\n</html>\n"
*************** response log end ***************

[2018-05-09T20:34:53.374] [INFO] response - 
*************** response log start ***************
request method: GET
request originalUrl:  /favicon.ico
request client ip:  ::ffff:127.0.0.1
request query:  {}
response time: 0
response status: 404
response body: 
undefined
*************** response log end ***************

[2018-05-09T20:35:09.973] [INFO] response - 
*************** response log start ***************
request method: GET
request originalUrl:  /
request client ip:  ::ffff:127.0.0.1
request query:  {}
response time: 1
response status: 200
response body: 
"<!DOCTYPE html>\n<html>\n  <head>\n    <title>PolyHome Of KOA2</title>\n    <link rel='stylesheet' href='/stylesheets/style.css' />\n  </head>\n  <body>\n    <h1>PolyHome Of KOA2</h1>\n    <p>EJS Welcome to PolyHome Of KOA2</p>\n  </body>\n</html>\n"
*************** response log end ***************

